2020-08-12 16:07:36,968 ERROR - You must specify a name for tags that will be added with xml.word_tag_name in configuration file.
2020-08-12 16:09:51,343 ERROR - You must specify a name for tags that will be added with xml.word_tag_name in configuration file.
2020-08-12 16:10:10,662 ERROR - You must specify a name for tags that will be added with xml.word_tag_name in configuration file.
2020-08-12 16:12:08,866 ERROR - You must specify a name for tags that will be added with xml.word_tag_name in configuration file.
2020-08-12 16:13:57,801 ERROR - You must specify a name for tags that will be added with xml.word_tag_name in configuration file.
2020-08-12 16:17:59,032 ERROR - You must specify a name for tags that will be added with xml.word_tag_name in configuration file.
2020-08-12 16:22:19,681 ERROR - You must specify a name for tags that will be added with xml.word_tag_name in configuration file.
2020-08-12 16:22:46,267 ERROR - You must specify a name for tags that will be added with xml.word_tag_name in configuration file.
2020-08-12 16:25:06,785 ERROR - You must specify a name for tags that will be added with xml.word_tag_name in configuration file.
2020-08-12 17:49:57,614 ERROR - You must specify a name for tags that will be added with xml.word_tag_name in configuration file.
2020-08-12 17:55:13,845 ERROR - You must specify a name for tags that will be added with xml.word_tag_name in configuration file.
2020-08-12 18:12:14,780 ERROR - You must specify a name for tags that will be added with xml.word_tag_name in configuration file.
2020-08-12 18:14:10,212 ERROR - You must specify a name for tags that will be added with xml.word_tag_name in configuration file.
2020-08-12 18:21:02,361 ERROR - You must specify a name for tags that will be added with xml.word_tag_name in configuration file.
2020-08-12 21:52:04,816 ERROR - You must specify a name for tags that will be added with xml.word_tag_name in configuration file.
2020-08-12 21:52:44,380 ERROR - You must specify a name for tags that will be added with xml.word_tag_name in configuration file.
2020-08-12 21:52:45,378 INFO  - Loaded word lexicon with 266,560 entries in 1 second.
2020-08-12 21:52:46,144 INFO  - Loaded suffix lexicon with 317,192 entries in 1 second.
2020-08-12 21:52:46,252 INFO  - 
2020-08-12 21:52:47,212 INFO  - Loaded transition matrix in 1 second.
2020-08-12 21:52:48,106 INFO  - Loaded 91,994 names into name standardizer in 1 second.
2020-08-12 21:52:48,190 INFO  - Loaded 162,248 standard spellings in 1 second.
2020-08-12 21:52:48,885 INFO  - Loaded 358,726 alternative spellings in 1 second.
2020-08-12 21:52:48,888 INFO  - Loaded 352 more alternative spellings in 15 word classes in 1 second.
2020-08-12 21:54:53,776 ERROR - You must specify a name for tags that will be added with xml.word_tag_name in configuration file.
2020-08-12 21:54:54,842 INFO  - Loaded word lexicon with 266,560 entries in 1 second.
2020-08-12 21:54:55,543 INFO  - Loaded suffix lexicon with 317,192 entries in 1 second.
2020-08-12 21:54:55,627 INFO  - 
2020-08-12 21:54:56,731 INFO  - Loaded transition matrix in 2 seconds.
2020-08-12 21:54:57,616 INFO  - Loaded 91,994 names into name standardizer in 1 second.
2020-08-12 21:54:57,689 INFO  - Loaded 162,248 standard spellings in 1 second.
2020-08-12 21:54:58,383 INFO  - Loaded 358,726 alternative spellings in 1 second.
2020-08-12 21:54:58,383 INFO  - Loaded 352 more alternative spellings in 15 word classes in < 1 second.
2020-08-12 22:00:29,542 ERROR - You must specify a name for tags that will be added with xml.word_tag_name in configuration file.
2020-08-12 22:00:30,473 INFO  - Loaded word lexicon with 266,560 entries in 1 second.
2020-08-12 22:00:31,234 INFO  - Loaded suffix lexicon with 317,192 entries in 1 second.
2020-08-12 22:00:31,339 INFO  - 
2020-08-12 22:00:32,328 INFO  - Loaded transition matrix in 1 second.
2020-08-12 22:00:33,261 INFO  - Loaded 91,994 names into name standardizer in 1 second.
2020-08-12 22:00:33,340 INFO  - Loaded 162,248 standard spellings in 1 second.
2020-08-12 22:00:34,090 INFO  - Loaded 358,726 alternative spellings in 1 second.
2020-08-12 22:00:34,091 INFO  - Loaded 352 more alternative spellings in 15 word classes in 1 second.
2020-08-12 22:03:31,986 ERROR - You must specify a name for tags that will be added with xml.word_tag_name in configuration file.
2020-08-12 22:03:33,015 INFO  - Loaded word lexicon with 266,560 entries in 1 second.
2020-08-12 22:03:33,728 INFO  - Loaded suffix lexicon with 317,192 entries in 1 second.
2020-08-12 22:03:33,811 INFO  - 
2020-08-12 22:03:34,761 INFO  - Loaded transition matrix in 1 second.
2020-08-12 22:03:35,640 INFO  - Loaded 91,994 names into name standardizer in 1 second.
2020-08-12 22:03:35,714 INFO  - Loaded 162,248 standard spellings in 1 second.
2020-08-12 22:03:36,492 INFO  - Loaded 358,726 alternative spellings in 1 second.
2020-08-12 22:03:36,493 INFO  - Loaded 352 more alternative spellings in 15 word classes in 1 second.
2020-08-12 22:05:26,748 ERROR - You must specify a name for tags that will be added with xml.word_tag_name in configuration file.
2020-08-12 22:05:27,744 INFO  - Loaded word lexicon with 266,560 entries in 1 second.
2020-08-12 22:05:28,516 INFO  - Loaded suffix lexicon with 317,192 entries in 1 second.
2020-08-12 22:05:28,603 INFO  - 
2020-08-12 22:05:29,700 INFO  - Loaded transition matrix in 2 seconds.
2020-08-12 22:05:30,598 INFO  - Loaded 91,994 names into name standardizer in 1 second.
2020-08-12 22:05:30,678 INFO  - Loaded 162,248 standard spellings in 1 second.
2020-08-12 22:05:31,406 INFO  - Loaded 358,726 alternative spellings in 1 second.
2020-08-12 22:05:31,407 INFO  - Loaded 352 more alternative spellings in 15 word classes in 1 second.
2020-08-12 22:09:16,016 ERROR - You must specify a name for tags that will be added with xml.word_tag_name in configuration file.
2020-08-12 22:09:17,109 INFO  - Loaded word lexicon with 266,560 entries in 1 second.
2020-08-12 22:09:17,891 INFO  - Loaded suffix lexicon with 317,192 entries in 1 second.
2020-08-12 22:09:17,977 INFO  - 
2020-08-12 22:09:18,996 INFO  - Loaded transition matrix in 2 seconds.
2020-08-12 22:09:19,915 INFO  - Loaded 91,994 names into name standardizer in 1 second.
2020-08-12 22:09:20,006 INFO  - Loaded 162,248 standard spellings in 1 second.
2020-08-12 22:09:20,818 INFO  - Loaded 358,726 alternative spellings in 1 second.
2020-08-12 22:09:20,819 INFO  - Loaded 352 more alternative spellings in 15 word classes in 1 second.
2020-08-12 22:20:20,038 ERROR - You must specify a name for tags that will be added with xml.word_tag_name in configuration file.
2020-08-12 22:20:21,051 INFO  - Loaded word lexicon with 266,560 entries in 1 second.
2020-08-12 22:20:21,930 INFO  - Loaded suffix lexicon with 317,192 entries in 1 second.
2020-08-12 22:20:22,020 INFO  - 
2020-08-12 22:20:23,053 INFO  - Loaded transition matrix in 2 seconds.
2020-08-12 22:20:24,035 INFO  - Loaded 91,994 names into name standardizer in 1 second.
2020-08-12 22:20:24,119 INFO  - Loaded 162,248 standard spellings in 1 second.
2020-08-12 22:20:24,895 INFO  - Loaded 358,726 alternative spellings in 1 second.
2020-08-12 22:20:24,895 INFO  - Loaded 352 more alternative spellings in 15 word classes in < 1 second.
2020-08-12 22:22:36,193 ERROR - You must specify a name for tags that will be added with xml.word_tag_name in configuration file.
2020-08-12 22:22:37,307 INFO  - Loaded word lexicon with 266,560 entries in 1 second.
2020-08-12 22:22:38,151 INFO  - Loaded suffix lexicon with 317,192 entries in 1 second.
2020-08-12 22:22:38,253 INFO  - 
2020-08-12 22:22:39,289 INFO  - Loaded transition matrix in 2 seconds.
2020-08-12 22:22:40,303 INFO  - Loaded 91,994 names into name standardizer in 2 seconds.
2020-08-12 22:22:40,402 INFO  - Loaded 162,248 standard spellings in 1 second.
2020-08-12 22:22:41,291 INFO  - Loaded 358,726 alternative spellings in 1 second.
2020-08-12 22:22:41,294 INFO  - Loaded 352 more alternative spellings in 15 word classes in 1 second.
2020-08-12 22:23:16,016 ERROR - You must specify a name for tags that will be added with xml.word_tag_name in configuration file.
2020-08-12 22:23:17,099 INFO  - Loaded word lexicon with 266,560 entries in 1 second.
2020-08-12 22:23:17,939 INFO  - Loaded suffix lexicon with 317,192 entries in 1 second.
2020-08-12 22:23:18,047 INFO  - 
2020-08-12 22:23:19,062 INFO  - Loaded transition matrix in 2 seconds.
2020-08-12 22:23:20,023 INFO  - Loaded 91,994 names into name standardizer in 1 second.
2020-08-12 22:23:20,134 INFO  - Loaded 162,248 standard spellings in 1 second.
2020-08-12 22:23:20,942 INFO  - Loaded 358,726 alternative spellings in 1 second.
2020-08-12 22:23:20,945 INFO  - Loaded 352 more alternative spellings in 15 word classes in 1 second.
2020-08-12 22:47:44,581 ERROR - You must specify a name for tags that will be added with xml.word_tag_name in configuration file.
2020-08-12 22:47:45,830 INFO  - Loaded word lexicon with 266,560 entries in 2 seconds.
2020-08-12 22:47:46,743 INFO  - Loaded suffix lexicon with 317,192 entries in 1 second.
2020-08-12 22:47:46,861 INFO  - 
2020-08-12 22:47:48,953 INFO  - Loaded transition matrix in 3 seconds.
2020-08-12 22:47:50,472 INFO  - Loaded 91,994 names into name standardizer in 2 seconds.
2020-08-12 22:47:50,569 INFO  - Loaded 162,248 standard spellings in 1 second.
2020-08-12 22:47:51,625 INFO  - Loaded 358,726 alternative spellings in 1 second.
2020-08-12 22:47:51,626 INFO  - Loaded 352 more alternative spellings in 15 word classes in 1 second.
2020-08-12 22:56:55,029 ERROR - You must specify a name for tags that will be added with xml.word_tag_name in configuration file.
2020-08-12 22:56:56,434 INFO  - Loaded word lexicon with 266,560 entries in 2 seconds.
2020-08-12 22:56:57,334 INFO  - Loaded suffix lexicon with 317,192 entries in 1 second.
2020-08-12 22:56:57,482 INFO  - 
2020-08-12 22:56:58,905 INFO  - Loaded transition matrix in 2 seconds.
2020-08-12 22:56:59,957 INFO  - Loaded 91,994 names into name standardizer in 2 seconds.
2020-08-12 22:57:00,078 INFO  - Loaded 162,248 standard spellings in 1 second.
2020-08-12 22:57:00,904 INFO  - Loaded 358,726 alternative spellings in 1 second.
2020-08-12 22:57:00,906 INFO  - Loaded 352 more alternative spellings in 15 word classes in 1 second.
2020-08-12 23:07:50,313 ERROR - You must specify a name for tags that will be added with xml.word_tag_name in configuration file.
2020-08-12 23:07:51,323 INFO  - Loaded word lexicon with 266,560 entries in 1 second.
2020-08-12 23:07:52,114 INFO  - Loaded suffix lexicon with 317,192 entries in 1 second.
2020-08-12 23:07:52,213 INFO  - 
2020-08-12 23:07:53,195 INFO  - Loaded transition matrix in 1 second.
2020-08-12 23:07:54,232 INFO  - Loaded 91,994 names into name standardizer in 2 seconds.
2020-08-12 23:07:54,313 INFO  - Loaded 162,248 standard spellings in 1 second.
2020-08-12 23:07:55,023 INFO  - Loaded 358,726 alternative spellings in 1 second.
2020-08-12 23:07:55,024 INFO  - Loaded 352 more alternative spellings in 15 word classes in 1 second.
2020-08-12 23:08:59,763 ERROR - You must specify a name for tags that will be added with xml.word_tag_name in configuration file.
2020-08-12 23:09:00,968 INFO  - Loaded word lexicon with 266,560 entries in 2 seconds.
2020-08-12 23:09:01,864 INFO  - Loaded suffix lexicon with 317,192 entries in 1 second.
2020-08-12 23:09:01,974 INFO  - 
2020-08-12 23:09:03,239 INFO  - Loaded transition matrix in 2 seconds.
2020-08-12 23:09:04,154 INFO  - Loaded 91,994 names into name standardizer in 1 second.
2020-08-12 23:09:04,250 INFO  - Loaded 162,248 standard spellings in 1 second.
2020-08-12 23:09:05,081 INFO  - Loaded 358,726 alternative spellings in 1 second.
2020-08-12 23:09:05,082 INFO  - Loaded 352 more alternative spellings in 15 word classes in 1 second.
2020-08-12 23:24:37,156 ERROR - You must specify a name for tags that will be added with xml.word_tag_name in configuration file.
2020-08-12 23:24:38,167 INFO  - Loaded word lexicon with 266,560 entries in 1 second.
2020-08-12 23:24:38,873 INFO  - Loaded suffix lexicon with 317,192 entries in 1 second.
2020-08-12 23:24:38,967 INFO  - 
2020-08-12 23:24:40,368 INFO  - Loaded transition matrix in 2 seconds.
2020-08-12 23:24:41,316 INFO  - Loaded 91,994 names into name standardizer in 1 second.
2020-08-12 23:24:41,419 INFO  - Loaded 162,248 standard spellings in 1 second.
2020-08-12 23:24:42,926 INFO  - Loaded 358,726 alternative spellings in 2 seconds.
2020-08-12 23:24:42,928 INFO  - Loaded 352 more alternative spellings in 15 word classes in 1 second.
2020-08-12 23:24:58,076 ERROR - You must specify a name for tags that will be added with xml.word_tag_name in configuration file.
2020-08-12 23:24:59,077 INFO  - Loaded word lexicon with 266,560 entries in 1 second.
2020-08-12 23:24:59,827 INFO  - Loaded suffix lexicon with 317,192 entries in 1 second.
2020-08-12 23:24:59,918 INFO  - 
2020-08-12 23:25:01,169 INFO  - Loaded transition matrix in 2 seconds.
2020-08-12 23:25:02,275 INFO  - Loaded 91,994 names into name standardizer in 2 seconds.
2020-08-12 23:25:02,442 INFO  - Loaded 162,248 standard spellings in 1 second.
2020-08-12 23:25:03,368 INFO  - Loaded 358,726 alternative spellings in 1 second.
2020-08-12 23:25:03,369 INFO  - Loaded 352 more alternative spellings in 15 word classes in < 1 second.
2020-08-12 23:28:36,786 ERROR - You must specify a name for tags that will be added with xml.word_tag_name in configuration file.
2020-08-12 23:28:37,935 INFO  - Loaded word lexicon with 266,560 entries in 2 seconds.
2020-08-12 23:28:38,815 INFO  - Loaded suffix lexicon with 317,192 entries in 1 second.
2020-08-12 23:28:38,915 INFO  - 
2020-08-12 23:28:40,196 INFO  - Loaded transition matrix in 2 seconds.
2020-08-12 23:28:41,220 INFO  - Loaded 91,994 names into name standardizer in 2 seconds.
2020-08-12 23:28:41,323 INFO  - Loaded 162,248 standard spellings in 1 second.
2020-08-12 23:28:42,129 INFO  - Loaded 358,726 alternative spellings in 1 second.
2020-08-12 23:28:42,131 INFO  - Loaded 352 more alternative spellings in 15 word classes in 1 second.
2020-08-12 23:49:35,730 ERROR - You must specify a name for tags that will be added with xml.word_tag_name in configuration file.
2020-08-12 23:49:36,757 INFO  - Loaded word lexicon with 266,560 entries in 1 second.
2020-08-12 23:49:37,633 INFO  - Loaded suffix lexicon with 317,192 entries in 1 second.
2020-08-12 23:49:37,735 INFO  - 
2020-08-12 23:49:38,816 INFO  - Loaded transition matrix in 2 seconds.
2020-08-12 23:49:39,782 INFO  - Loaded 91,994 names into name standardizer in 1 second.
2020-08-12 23:49:39,871 INFO  - Loaded 162,248 standard spellings in 1 second.
2020-08-12 23:49:40,612 INFO  - Loaded 358,726 alternative spellings in 1 second.
2020-08-12 23:49:40,615 INFO  - Loaded 352 more alternative spellings in 15 word classes in 1 second.
2020-08-12 23:56:35,492 ERROR - You must specify a name for tags that will be added with xml.word_tag_name in configuration file.
2020-08-12 23:56:36,398 INFO  - Loaded word lexicon with 266,560 entries in 1 second.
2020-08-12 23:56:37,019 INFO  - Loaded suffix lexicon with 317,192 entries in 1 second.
2020-08-12 23:56:37,105 INFO  - 
2020-08-12 23:56:38,449 INFO  - Loaded transition matrix in 2 seconds.
2020-08-12 23:56:39,337 INFO  - Loaded 91,994 names into name standardizer in 1 second.
2020-08-12 23:56:39,421 INFO  - Loaded 162,248 standard spellings in 1 second.
2020-08-12 23:56:40,098 INFO  - Loaded 358,726 alternative spellings in 1 second.
2020-08-12 23:56:40,100 INFO  - Loaded 352 more alternative spellings in 15 word classes in 1 second.
